<?xml version="1.0" encoding="UTF-8"?>
<!-- Generated by org.testng.reporters.JUnitXMLReporter -->
<testsuite hostname="LENOVO" name="Sprint1_OnceCycle" tests="5" failures="0" timestamp="31 May 2017 09:19:01 GMT" time="282.524" errors="0">
  <testcase name="facebook" time="67.2" classname="com.BankerChat.testScript.Sprint1_FullCycle.FacebookExecute"/>
  <testcase name="testLogin" time="20.001" classname="com.BankerChat.testScript.Sprint1_FullCycle.TestExecute"/>
  <testcase name="testUnclaimed" time="22.298" classname="com.BankerChat.testScript.Sprint1_FullCycle.TestExecute"/>
  <testcase name="testClaimed" time="30.868" classname="com.BankerChat.testScript.Sprint1_FullCycle.TestExecute"/>
  <testcase name="testSignOut" time="41.876" classname="com.BankerChat.testScript.Sprint1_FullCycle.TestExecute"/>
</testsuite> <!-- Sprint1_OnceCycle -->
